SF:lib\core\application\domain\application.dart
DA:7,1
DA:16,0
DA:18,0
DA:21,0
DA:23,0
LF:5
LH:1
end_of_record
SF:lib\core\application\domain\application_configuration.dart
DA:3,1
LF:1
LH:1
end_of_record
SF:lib\core\navigation\domain\navigation_controller.dart
DA:12,0
DA:13,0
LF:2
LH:0
end_of_record
SF:lib\view\material\application\material_app_configuration.dart
DA:5,2
LF:1
LH:1
end_of_record
SF:lib\core\favorite\domain\favorite_item.dart
DA:6,0
DA:8,0
DA:9,0
DA:10,0
LF:4
LH:0
end_of_record
SF:lib\windows\application\app.dart
DA:11,3
DA:12,3
DA:14,1
DA:15,1
DA:16,7
DA:20,1
DA:22,1
DA:23,2
DA:25,0
DA:26,0
LF:10
LH:8
end_of_record
SF:lib\core\common\domain\media_title.dart
DA:3,0
DA:5,0
DA:6,0
DA:7,0
DA:10,0
DA:12,0
LF:6
LH:0
end_of_record
SF:lib\view\material\application\material_app.dart
DA:12,1
DA:13,2
DA:14,2
DA:15,1
DA:16,2
DA:17,0
DA:18,0
DA:22,0
DA:23,0
DA:26,0
DA:27,0
DA:28,0
DA:36,1
DA:38,1
DA:39,1
DA:40,2
DA:41,2
DA:47,1
DA:49,1
DA:51,4
LF:20
LH:13
end_of_record
SF:lib\view\material\landing\material_landing_page.dart
DA:4,1
DA:6,1
LF:2
LH:2
end_of_record
SF:lib\view\material\navigation\material_navigation.dart
DA:10,0
DA:11,0
DA:14,3
DA:16,1
DA:18,2
DA:20,0
DA:22,0
DA:25,0
DA:26,0
DA:31,0
DA:34,0
DA:35,0
DA:40,0
DA:41,0
DA:42,0
DA:45,0
DA:47,0
DA:51,0
DA:54,0
DA:55,0
DA:56,0
LF:21
LH:3
end_of_record
SF:lib\view\material\favorite\material_favorite_item_view.dart
DA:7,0
DA:9,0
DA:11,0
DA:12,0
DA:13,0
DA:14,0
DA:19,0
DA:20,0
LF:8
LH:0
end_of_record
SF:lib\view\material\favorite\material_favorite_list_view.dart
DA:7,1
DA:9,0
DA:11,0
DA:12,0
DA:13,0
DA:14,0
DA:15,0
DA:16,0
DA:17,0
DA:25,0
DA:27,0
DA:29,0
DA:30,0
DA:34,0
DA:36,0
LF:15
LH:1
end_of_record
SF:lib\view\material\history\material_history_item_view.dart
DA:7,0
DA:9,0
DA:14,0
DA:15,0
LF:4
LH:0
end_of_record
SF:lib\view\material\history\material_history_list_view.dart
DA:7,1
DA:9,0
DA:11,0
DA:12,0
DA:13,0
DA:14,0
DA:15,0
DA:16,0
DA:17,0
DA:25,0
DA:27,0
DA:30,0
DA:32,0
LF:13
LH:1
end_of_record
SF:lib\view\material\home\material_home_page.dart
DA:7,1
DA:9,0
DA:11,0
DA:12,0
DA:15,0
DA:17,0
DA:18,0
DA:19,0
DA:25,0
DA:30,0
DA:35,0
LF:11
LH:1
end_of_record
SF:lib\view\material\not_found\material_not_found_page.dart
DA:5,1
DA:7,0
DA:16,0
LF:3
LH:1
end_of_record
SF:lib\view\material\page\material_page.dart
DA:6,0
DA:8,0
LF:2
LH:0
end_of_record
